<?xml version="1.0" encoding="UTF-8"?>
<!-- Generated by org.testng.reporters.JUnitXMLReporter -->
<testsuite ignored="0" hostname="Carloss-MacBook-Pro.local" failures="0" tests="4" name="User API tests" time="6.288" errors="0" timestamp="2022-06-23T20:45:56 ART">
  <testcase classname="demoblazegroup.carina.demo.APISampleTest" name="testDeleteUsers" time="1.356"/>
  <testcase classname="demoblazegroup.carina.demo.APISampleTest" name="testCreateUserMissingSomeFields" time="1.357"/>
  <testcase classname="demoblazegroup.carina.demo.APISampleTest" name="testGetUsers" time="1.493"/>
  <testcase classname="demoblazegroup.carina.demo.APISampleTest" name="testCreateUser" time="6.26"/>
</testsuite> <!-- User API tests -->
